<?xml version="1.0" encoding="UTF-8"?>
<robot generator="Robot 4.1 (Python 3.8.8 on win32)" generated="20210907 17:40:14.049" rpa="false" schemaversion="2">
<suite id="s1" name="MouseActions" source="C:\Users\shash\Documents\Projects\PyCharmProjects\RobotFrameworkSelenium\TestCases\MouseActions.robot">
<test id="s1-t1" name="Right Click Test">
<kw name="Get Chromedriver Path" library="getdriverpath">
<var>${chromedriver_path}</var>
<msg timestamp="20210907 17:40:14.387" level="INFO">
</msg>
<msg timestamp="20210907 17:40:14.387" level="INFO">====== WebDriver manager ======</msg>
<msg timestamp="20210907 17:40:14.430" level="INFO">Current google-chrome version is 92.0.4515</msg>
<msg timestamp="20210907 17:40:14.430" level="INFO">Get LATEST driver version for 92.0.4515</msg>
<msg timestamp="20210907 17:40:14.849" level="INFO">Driver [C:\Users\shash\.wdm\drivers\chromedriver\win32\92.0.4515.107\chromedriver.exe] found in cache</msg>
<msg timestamp="20210907 17:40:14.850" level="INFO">====== WebDriver manager ======
Current google-chrome version is 92.0.4515
Get LATEST driver version for 92.0.4515
Driver [C:\Users\shash\.wdm\drivers\chromedriver\win32\92.0.4515.107\chromedriver.exe] found in cache</msg>
<msg timestamp="20210907 17:40:14.853" level="INFO">${chromedriver_path} = C:\Users\shash\.wdm\drivers\chromedriver\win32\92.0.4515.107\chromedriver.exe</msg>
<status status="PASS" starttime="20210907 17:40:14.387" endtime="20210907 17:40:14.854"/>
</kw>
<kw name="Log To Console" library="BuiltIn">
<arg>${chromedriver_path}</arg>
<doc>Logs the given message to the console.</doc>
<status status="PASS" starttime="20210907 17:40:14.858" endtime="20210907 17:40:14.859"/>
</kw>
<kw name="Open Browser" library="SeleniumLibrary">
<arg>${url}</arg>
<arg>${browser}</arg>
<arg>executable_path=${chromedriver_path}</arg>
<doc>Opens a new browser instance to the optional ``url``.</doc>
<msg timestamp="20210907 17:40:14.862" level="INFO">Opening browser 'chrome' to base url 'http://demo.guru99.com/test/simple_context_menu.html'.</msg>
<status status="PASS" starttime="20210907 17:40:14.860" endtime="20210907 17:40:18.884"/>
</kw>
<kw name="Maximize Browser Window" library="SeleniumLibrary">
<doc>Maximizes current browser window.</doc>
<status status="PASS" starttime="20210907 17:40:18.885" endtime="20210907 17:40:19.011"/>
</kw>
<kw name="Open Context Menu" library="SeleniumLibrary">
<arg>xpath://span[text()='right click me']</arg>
<doc>Opens the context menu on the element identified by ``locator``.</doc>
<status status="PASS" starttime="20210907 17:40:19.013" endtime="20210907 17:40:19.370"/>
</kw>
<kw name="Sleep" library="BuiltIn">
<arg>3</arg>
<doc>Pauses the test executed for the given time.</doc>
<msg timestamp="20210907 17:40:22.378" level="INFO">Slept 3 seconds</msg>
<status status="PASS" starttime="20210907 17:40:19.371" endtime="20210907 17:40:22.378"/>
</kw>
<status status="PASS" starttime="20210907 17:40:14.386" endtime="20210907 17:40:22.378"/>
</test>
<test id="s1-t2" name="Double Click Test">
<kw name="Press Keys" library="SeleniumLibrary">
<arg>${None}</arg>
<arg>ESC</arg>
<doc>Simulates the user pressing key(s) to an element or on the active browser.</doc>
<msg timestamp="20210907 17:40:22.381" level="INFO">Sending key(s) ('ESC',) to page.</msg>
<msg timestamp="20210907 17:40:22.381" level="INFO">Pressing special key ESCAPE to browser.</msg>
<msg timestamp="20210907 17:40:22.382" level="INFO">Releasing special key ESCAPE.</msg>
<status status="PASS" starttime="20210907 17:40:22.381" endtime="20210907 17:40:22.393"/>
</kw>
<kw name="Sleep" library="BuiltIn">
<arg>3</arg>
<doc>Pauses the test executed for the given time.</doc>
<msg timestamp="20210907 17:40:25.407" level="INFO">Slept 3 seconds</msg>
<status status="PASS" starttime="20210907 17:40:22.394" endtime="20210907 17:40:25.407"/>
</kw>
<kw name="Double Click Element" library="SeleniumLibrary">
<arg>xpath://button</arg>
<doc>Double clicks the element identified by ``locator``.</doc>
<msg timestamp="20210907 17:40:25.408" level="INFO">Double clicking element 'xpath://button'.</msg>
<status status="PASS" starttime="20210907 17:40:25.407" endtime="20210907 17:40:25.711"/>
</kw>
<kw name="Sleep" library="BuiltIn">
<arg>3</arg>
<doc>Pauses the test executed for the given time.</doc>
<msg timestamp="20210907 17:40:28.727" level="INFO">Slept 3 seconds</msg>
<status status="PASS" starttime="20210907 17:40:25.712" endtime="20210907 17:40:28.728"/>
</kw>
<kw name="Handle Alert" library="SeleniumLibrary">
<arg>ACCEPT</arg>
<doc>Handles the current alert and returns its message.</doc>
<msg timestamp="20210907 17:40:28.731" level="INFO">HANDLE::&lt;class 'NoneType'&gt;::None</msg>
<status status="PASS" starttime="20210907 17:40:28.730" endtime="20210907 17:40:28.749"/>
</kw>
<kw name="Close Browser" library="SeleniumLibrary">
<doc>Closes the current browser.</doc>
<status status="PASS" starttime="20210907 17:40:28.751" endtime="20210907 17:40:30.952"/>
</kw>
<status status="PASS" starttime="20210907 17:40:22.380" endtime="20210907 17:40:30.954"/>
</test>
<test id="s1-t3" name="Drag and Drop Test">
<kw name="Get Chromedriver Path" library="getdriverpath">
<var>${chromedriver_path}</var>
<msg timestamp="20210907 17:40:30.963" level="INFO">
</msg>
<msg timestamp="20210907 17:40:30.963" level="INFO">====== WebDriver manager ======</msg>
<msg timestamp="20210907 17:40:31.014" level="INFO">Current google-chrome version is 92.0.4515</msg>
<msg timestamp="20210907 17:40:31.014" level="INFO">Get LATEST driver version for 92.0.4515</msg>
<msg timestamp="20210907 17:40:31.428" level="INFO">Driver [C:\Users\shash\.wdm\drivers\chromedriver\win32\92.0.4515.107\chromedriver.exe] found in cache</msg>
<msg timestamp="20210907 17:40:31.429" level="INFO">${chromedriver_path} = C:\Users\shash\.wdm\drivers\chromedriver\win32\92.0.4515.107\chromedriver.exe</msg>
<status status="PASS" starttime="20210907 17:40:30.962" endtime="20210907 17:40:31.429"/>
</kw>
<kw name="Open Browser" library="SeleniumLibrary">
<arg>https://testautomationpractice.blogspot.com/</arg>
<arg>${browser}</arg>
<arg>executable_path=${chromedriver_path}</arg>
<doc>Opens a new browser instance to the optional ``url``.</doc>
<msg timestamp="20210907 17:40:31.433" level="INFO">Opening browser 'chrome' to base url 'https://testautomationpractice.blogspot.com/'.</msg>
<status status="PASS" starttime="20210907 17:40:31.431" endtime="20210907 17:40:39.966"/>
</kw>
<kw name="Maximize Browser Window" library="SeleniumLibrary">
<doc>Maximizes current browser window.</doc>
<status status="PASS" starttime="20210907 17:40:39.967" endtime="20210907 17:40:40.100"/>
</kw>
<kw name="Drag And Drop" library="SeleniumLibrary">
<arg>id:draggable</arg>
<arg>id:droppable</arg>
<doc>Drags the element identified by ``locator`` into the ``target`` element.</doc>
<status status="PASS" starttime="20210907 17:40:40.100" endtime="20210907 17:40:40.761"/>
</kw>
<kw name="Sleep" library="BuiltIn">
<arg>3</arg>
<doc>Pauses the test executed for the given time.</doc>
<msg timestamp="20210907 17:40:43.772" level="INFO">Slept 3 seconds</msg>
<status status="PASS" starttime="20210907 17:40:40.764" endtime="20210907 17:40:43.772"/>
</kw>
<kw name="Close Browser" library="SeleniumLibrary">
<doc>Closes the current browser.</doc>
<status status="PASS" starttime="20210907 17:40:43.773" endtime="20210907 17:40:47.073"/>
</kw>
<status status="PASS" starttime="20210907 17:40:30.960" endtime="20210907 17:40:47.075"/>
</test>
<status status="PASS" starttime="20210907 17:40:14.051" endtime="20210907 17:40:47.083"/>
</suite>
<statistics>
<total>
<stat pass="3" fail="0" skip="0">All Tests</stat>
</total>
<tag>
</tag>
<suite>
<stat pass="3" fail="0" skip="0" id="s1" name="MouseActions">MouseActions</stat>
</suite>
</statistics>
<errors>
</errors>
</robot>
