<?xml version="1.0" encoding="UTF-8"?>
<robot generator="Robot 4.1 (Python 3.8.8 on win32)" generated="20210904 17:11:37.528" rpa="false" schemaversion="2">
<suite id="s1" name="Suites">
<suite id="s1-s1" name="RemoteTest" source="C:\Users\shash\Documents\Projects\PyCharmProjects\RobotFrameworkSelenium\Parallel\RemoteTest.robot">
<test id="s1-s1-t1" name="LoginTest">
<kw name="Create Dictionary" library="BuiltIn">
<var>${desired_caps}</var>
<arg>browserName=chrome</arg>
<arg>version=${EMPTY}</arg>
<arg>platform=ANY</arg>
<doc>Creates and returns a dictionary based on the given ``items``.</doc>
<msg timestamp="20210904 17:11:38.088" level="INFO">${desired_caps} = {'browserName': 'chrome', 'version': '', 'platform': 'ANY'}</msg>
<status status="PASS" starttime="20210904 17:11:38.086" endtime="20210904 17:11:38.088"/>
</kw>
<kw name="Open Browser" library="SeleniumLibrary">
<arg>${url}</arg>
<arg>${browser}</arg>
<arg>remote_url=${remote_url}</arg>
<arg>desired_capabilities=${desired_caps}</arg>
<doc>Opens a new browser instance to the optional ``url``.</doc>
<msg timestamp="20210904 17:11:38.090" level="INFO">Opening browser 'chrome' to base url 'https://admin-demo.nopcommerce.com/' through remote server at 'http://localhost:4444/wd/hub'.</msg>
<status status="PASS" starttime="20210904 17:11:38.088" endtime="20210904 17:11:45.844"/>
</kw>
<kw name="Login To Application">
<kw name="Input Text" library="SeleniumLibrary">
<arg>id:Email</arg>
<arg>admin@yourstore.com</arg>
<doc>Types the given ``text`` into the text field identified by ``locator``.</doc>
<msg timestamp="20210904 17:11:45.847" level="INFO">Typing text 'admin@yourstore.com' into text field 'id:Email'.</msg>
<status status="PASS" starttime="20210904 17:11:45.846" endtime="20210904 17:11:46.352"/>
</kw>
<kw name="Input Text" library="SeleniumLibrary">
<arg>id:Password</arg>
<arg>admin</arg>
<doc>Types the given ``text`` into the text field identified by ``locator``.</doc>
<msg timestamp="20210904 17:11:46.355" level="INFO">Typing text 'admin' into text field 'id:Password'.</msg>
<status status="PASS" starttime="20210904 17:11:46.353" endtime="20210904 17:11:46.674"/>
</kw>
<kw name="Click Button" library="SeleniumLibrary">
<arg>xpath://button[text()='Log in']</arg>
<doc>Clicks the button identified by ``locator``.</doc>
<msg timestamp="20210904 17:11:46.675" level="INFO">Clicking button 'xpath://button[text()='Log in']'.</msg>
<status status="PASS" starttime="20210904 17:11:46.674" endtime="20210904 17:11:54.595"/>
</kw>
<status status="PASS" starttime="20210904 17:11:45.844" endtime="20210904 17:11:54.597"/>
</kw>
<kw name="Close Browser" library="SeleniumLibrary">
<doc>Closes the current browser.</doc>
<status status="PASS" starttime="20210904 17:11:54.598" endtime="20210904 17:11:54.789"/>
</kw>
<status status="PASS" starttime="20210904 17:11:38.084" endtime="20210904 17:11:54.790"/>
</test>
<status status="PASS" starttime="20210904 17:11:37.570" endtime="20210904 17:11:54.792"/>
</suite>
<status status="PASS" starttime="20210904 17:11:37.543" endtime="20210904 17:11:54.796"/>
</suite>
<statistics>
<total>
<stat pass="1" fail="0" skip="0">All Tests</stat>
</total>
<tag>
</tag>
<suite>
<stat pass="1" fail="0" skip="0" id="s1" name="Suites">Suites</stat>
<stat pass="1" fail="0" skip="0" id="s1-s1" name="RemoteTest">Suites.RemoteTest</stat>
</suite>
</statistics>
<errors>
</errors>
</robot>
